<?xml version="1.0" encoding="UTF-8"?>
<!-- Generated by org.testng.reporters.JUnitReportReporter -->
<testsuite skipped="0" hostname="Praveens-MBP" name="com.qa.rest.tests.GetCallBDD" tests="1" failures="0" timestamp="13 Jun 2018 00:40:14 GMT" time="3.004" errors="0">
  <testcase name="test_numberOfCircuits2017" time="3.004" classname="com.qa.rest.tests.GetCallBDD"/>
</testsuite> <!-- com.qa.rest.tests.GetCallBDD -->
